<?xml version="1.0" encoding="UTF-8"?>
<coverage generated="1776767500672" clover="3.2.0">
  <project timestamp="1776767500672" name="All files">
    <metrics statements="16" coveredstatements="15" conditionals="2" coveredconditionals="2" methods="4" coveredmethods="3" elements="22" coveredelements="20" complexity="0" loc="16" ncloc="16" packages="1" files="1" classes="1"/>
    <file name="index.js" path="/home/rajujena/devops-assignment/app/src/index.js">
      <metrics statements="16" coveredstatements="15" conditionals="2" coveredconditionals="2" methods="4" coveredmethods="3"/>
      <line num="1" count="1" type="stmt"/>
      <line num="2" count="1" type="stmt"/>
      <line num="3" count="1" type="stmt"/>
      <line num="4" count="1" type="cond" truecount="2" falsecount="0"/>
      <line num="6" count="1" type="stmt"/>
      <line num="7" count="1" type="stmt"/>
      <line num="9" count="1" type="stmt"/>
      <line num="63" count="1" type="stmt"/>
      <line num="64" count="1" type="stmt"/>
      <line num="67" count="1" type="stmt"/>
      <line num="68" count="3" type="stmt"/>
      <line num="71" count="1" type="stmt"/>
      <line num="72" count="0" type="stmt"/>
      <line num="75" count="1" type="stmt"/>
      <line num="76" count="1" type="stmt"/>
      <line num="79" count="1" type="stmt"/>
    </file>
  </project>
</coverage>
