{"/home/rajujena/devops-assignment/app/src/index.js": {"path":"/home/rajujena/devops-assignment/app/src/index.js","statementMap":{"0":{"start":{"line":1,"column":16},"end":{"line":1,"column":34}},"1":{"start":{"line":2,"column":13},"end":{"line":2,"column":28}},"2":{"start":{"line":3,"column":12},"end":{"line":3,"column":21}},"3":{"start":{"line":4,"column":13},"end":{"line":4,"column":37}},"4":{"start":{"line":6,"column":0},"end":{"line":6,"column":56}},"5":{"start":{"line":7,"column":0},"end":{"line":7,"column":24}},"6":{"start":{"line":9,"column":16},"end":{"line":61,"column":1}},"7":{"start":{"line":63,"column":0},"end":{"line":65,"column":3}},"8":{"start":{"line":64,"column":2},"end":{"line":64,"column":83}},"9":{"start":{"line":67,"column":0},"end":{"line":69,"column":3}},"10":{"start":{"line":68,"column":2},"end":{"line":68,"column":32}},"11":{"start":{"line":71,"column":0},"end":{"line":73,"column":3}},"12":{"start":{"line":72,"column":2},"end":{"line":72,"column":61}},"13":{"start":{"line":75,"column":0},"end":{"line":77,"column":3}},"14":{"start":{"line":76,"column":2},"end":{"line":76,"column":58}},"15":{"start":{"line":79,"column":0},"end":{"line":79,"column":21}}},"fnMap":{"0":{"name":"(anonymous_0)","decl":{"start":{"line":63,"column":19},"end":{"line":63,"column":20}},"loc":{"start":{"line":63,"column":33},"end":{"line":65,"column":1}},"line":63},"1":{"name":"(anonymous_1)","decl":{"start":{"line":67,"column":24},"end":{"line":67,"column":25}},"loc":{"start":{"line":67,"column":38},"end":{"line":69,"column":1}},"line":67},"2":{"name":"(anonymous_2)","decl":{"start":{"line":71,"column":13},"end":{"line":71,"column":14}},"loc":{"start":{"line":71,"column":27},"end":{"line":73,"column":1}},"line":71},"3":{"name":"(anonymous_3)","decl":{"start":{"line":75,"column":17},"end":{"line":75,"column":18}},"loc":{"start":{"line":75,"column":23},"end":{"line":77,"column":1}},"line":75}},"branchMap":{"0":{"loc":{"start":{"line":4,"column":13},"end":{"line":4,"column":37}},"type":"binary-expr","locations":[{"start":{"line":4,"column":13},"end":{"line":4,"column":29}},{"start":{"line":4,"column":33},"end":{"line":4,"column":37}}],"line":4}},"s":{"0":1,"1":1,"2":1,"3":1,"4":1,"5":1,"6":1,"7":1,"8":1,"9":1,"10":3,"11":1,"12":0,"13":1,"14":1,"15":1},"f":{"0":1,"1":3,"2":0,"3":1},"b":{"0":[1,1]},"_coverageSchema":"1a1c01bbd47fc00a2c39e90264f33305004495a9","hash":"395746b8efcb3f9e2bf52d6c5ae26d41aa6ff244"}
}
